<?xml version="1.0" encoding="UTF-8"?>
<testng-results ignored="0" total="1" passed="1" failed="0" skipped="0">
  <reporter-output>
  </reporter-output>
  <suite started-at="2020-06-25T22:19:46 EEST" name="Default suite" finished-at="2020-06-25T22:21:14 EEST" duration-ms="87090">
    <groups>
    </groups>
    <test started-at="2020-06-25T22:19:46 EEST" name="Default test" finished-at="2020-06-25T22:21:14 EEST" duration-ms="87090">
      <class name="Tests.NewUserTests">
        <test-method is-config="true" signature="BeforeTest()[pri:0, instance:Tests.NewUserTests@61dd025]" started-at="2020-06-25T22:19:47 EEST" name="BeforeTest" finished-at="2020-06-25T22:19:52 EEST" duration-ms="5262" status="PASS">
          <reporter-output>
          </reporter-output>
        </test-method> <!-- BeforeTest -->
        <test-method signature="CreateNewUserTest()[pri:0, instance:Tests.NewUserTests@61dd025]" started-at="2020-06-25T22:19:52 EEST" name="CreateNewUserTest" finished-at="2020-06-25T22:21:13 EEST" duration-ms="81055" status="PASS">
          <reporter-output>
          </reporter-output>
        </test-method> <!-- CreateNewUserTest -->
        <test-method is-config="true" signature="AfterTest()[pri:0, instance:Tests.NewUserTests@61dd025]" started-at="2020-06-25T22:21:13 EEST" name="AfterTest" finished-at="2020-06-25T22:21:14 EEST" duration-ms="742" status="PASS">
          <reporter-output>
          </reporter-output>
        </test-method> <!-- AfterTest -->
      </class> <!-- Tests.NewUserTests -->
    </test> <!-- Default test -->
  </suite> <!-- Default suite -->
</testng-results>
